<?xml version="1.0" encoding="utf-8"?><testsuites name="pytest tests"><testsuite name="pytest" errors="0" failures="0" skipped="0" tests="12" time="4.939" timestamp="2026-08-19T17:25:21.997871+00:00" hostname="agent-env-c16450b6-418a-486b-b80c-e8c34cceaaa4"><testcase classname="tests.test_courses_catalog.TestCourses" name="test_courses_list_and_marmita" time="2.465" /><testcase classname="tests.test_affiliates_ab.TestAffiliateAB" name="test_00_admin_session" time="2.392" /><testcase classname="tests.test_affiliates_ab.TestAffiliateAB" name="test_01_unauthenticated_list_401" time="0.139" /><testcase classname="tests.test_affiliates_ab.TestAffiliateAB" name="test_02_scenario1_direct_A" time="0.241" /><testcase classname="tests.test_affiliates_ab.TestAffiliateAB" name="test_03_scenario2_B_sale_with_parent_override" time="0.287" /><testcase classname="tests.test_affiliates_ab.TestAffiliateAB" name="test_04_scenario3_pending_no_commission" time="0.128" /><testcase classname="tests.test_affiliates_ab.TestAffiliateAB" name="test_05_scenario4_refunded_no_commission" time="0.134" /><testcase classname="tests.test_affiliates_ab.TestAffiliateAB" name="test_06_validation_B_without_parent_400" time="0.116" /><testcase classname="tests.test_affiliates_ab.TestAffiliateAB" name="test_07_validation_self_parent_400" time="0.124" /><testcase classname="tests.test_affiliates_ab.TestAffiliateAB" name="test_08_patch_commission_rate_ok" time="0.309" /><testcase classname="tests.test_affiliates_ab.TestAffiliateAB" name="test_09_duplicate_code_409" time="0.168" /><testcase classname="tests.test_affiliates_ab.TestAffiliateAB" name="test_10_parent_must_be_A" time="0.128" /></testsuite></testsuites>